Fecha: Thu Jun 13 23:49:39 2024
Usuarios Cargados:
Hilo 1: 28
Hilo 2: 32
Hilo 3: 33
Total de Usuarios Cargados: 93
Errores:
- Linea #69: Saldo introducido no es un número real positivo
- Linea #90: Formato de datos incorrecto en el JSON
- Linea #99: Saldo introducido no es un número real positivo
- Linea #41: Saldo introducido no es un número real positivo
- Linea #55: Número de cuenta duplicado
- Linea #68: Saldo introducido no es un número real positivo
- Linea #68: Número de cuenta duplicado
- Linea #1: Número de cuenta duplicado
- Linea #5: Número de cuenta duplicado
- Linea #7: Formato de datos incorrecto en el JSON
- Linea #18: Saldo introducido no es un número real positivo
- Linea #23: Formato de datos incorrecto en el JSON
- Linea #28: Número de cuenta duplicado
- Linea #32: Número de cuenta duplicado
- Linea #33: Número de cuenta duplicado
- Linea #34: Número de cuenta duplicado
