Fecha: Thu Jun 13 23:49:16 2024
Usuarios Cargados:
Hilo 1: 0
Hilo 2: 0
Hilo 3: 0
Total de Usuarios Cargados: 0
Errores:
- Linea #1: Número de cuenta duplicado
- Linea #2: Número de cuenta duplicado
- Linea #3: Número de cuenta duplicado
- Linea #4: Número de cuenta duplicado
- Linea #5: Número de cuenta duplicado
- Linea #6: Número de cuenta duplicado
- Linea #7: Formato de datos incorrecto en el JSON
- Linea #7: Número de cuenta duplicado
- Linea #8: Número de cuenta duplicado
- Linea #9: Número de cuenta duplicado
- Linea #10: Número de cuenta duplicado
- Linea #11: Número de cuenta duplicado
- Linea #12: Número de cuenta duplicado
- Linea #13: Número de cuenta duplicado
- Linea #14: Número de cuenta duplicado
- Linea #15: Número de cuenta duplicado
- Linea #16: Número de cuenta duplicado
- Linea #17: Número de cuenta duplicado
- Linea #18: Saldo introducido no es un número real positivo
- Linea #18: Número de cuenta duplicado
- Linea #19: Número de cuenta duplicado
- Linea #20: Número de cuenta duplicado
- Linea #21: Número de cuenta duplicado
- Linea #22: Número de cuenta duplicado
- Linea #23: Formato de datos incorrecto en el JSON
- Linea #23: Número de cuenta duplicado
- Linea #24: Número de cuenta duplicado
- Linea #25: Número de cuenta duplicado
- Linea #26: Número de cuenta duplicado
- Linea #27: Número de cuenta duplicado
- Linea #28: Número de cuenta duplicado
- Linea #29: Número de cuenta duplicado
- Linea #30: Número de cuenta duplicado
- Linea #31: Número de cuenta duplicado
- Linea #32: Número de cuenta duplicado
- Linea #33: Número de cuenta duplicado
- Linea #34: Número de cuenta duplicado
- Linea #35: Número de cuenta duplicado
- Linea #36: Número de cuenta duplicado
- Linea #37: Número de cuenta duplicado
- Linea #38: Número de cuenta duplicado
- Linea #39: Número de cuenta duplicado
- Linea #40: Número de cuenta duplicado
- Linea #41: Saldo introducido no es un número real positivo
- Linea #41: Número de cuenta duplicado
- Linea #42: Número de cuenta duplicado
- Linea #43: Número de cuenta duplicado
- Linea #44: Número de cuenta duplicado
- Linea #45: Número de cuenta duplicado
- Linea #46: Número de cuenta duplicado
- Linea #47: Número de cuenta duplicado
- Linea #48: Número de cuenta duplicado
- Linea #49: Número de cuenta duplicado
- Linea #50: Número de cuenta duplicado
- Linea #51: Número de cuenta duplicado
- Linea #52: Número de cuenta duplicado
- Linea #53: Número de cuenta duplicado
- Linea #54: Número de cuenta duplicado
- Linea #55: Número de cuenta duplicado
- Linea #56: Número de cuenta duplicado
- Linea #57: Número de cuenta duplicado
- Linea #58: Número de cuenta duplicado
- Linea #59: Número de cuenta duplicado
- Linea #60: Número de cuenta duplicado
- Linea #61: Número de cuenta duplicado
- Linea #62: Número de cuenta duplicado
- Linea #63: Número de cuenta duplicado
- Linea #64: Número de cuenta duplicado
- Linea #65: Número de cuenta duplicado
- Linea #66: Número de cuenta duplicado
- Linea #67: Número de cuenta duplicado
- Linea #68: Saldo introducido no es un número real positivo
- Linea #68: Número de cuenta duplicado
- Linea #69: Saldo introducido no es un número real positivo
- Linea #69: Número de cuenta duplicado
- Linea #70: Número de cuenta duplicado
- Linea #71: Número de cuenta duplicado
- Linea #72: Número de cuenta duplicado
- Linea #73: Número de cuenta duplicado
- Linea #74: Número de cuenta duplicado
- Linea #75: Número de cuenta duplicado
- Linea #76: Número de cuenta duplicado
- Linea #77: Número de cuenta duplicado
- Linea #78: Número de cuenta duplicado
- Linea #79: Número de cuenta duplicado
- Linea #80: Número de cuenta duplicado
- Linea #81: Número de cuenta duplicado
- Linea #82: Número de cuenta duplicado
- Linea #83: Número de cuenta duplicado
- Linea #84: Número de cuenta duplicado
- Linea #85: Número de cuenta duplicado
- Linea #86: Número de cuenta duplicado
- Linea #87: Número de cuenta duplicado
- Linea #88: Número de cuenta duplicado
- Linea #89: Número de cuenta duplicado
- Linea #90: Formato de datos incorrecto en el JSON
- Linea #90: Número de cuenta duplicado
- Linea #91: Número de cuenta duplicado
- Linea #92: Número de cuenta duplicado
- Linea #93: Número de cuenta duplicado
- Linea #94: Número de cuenta duplicado
- Linea #95: Número de cuenta duplicado
- Linea #96: Número de cuenta duplicado
- Linea #97: Número de cuenta duplicado
- Linea #98: Número de cuenta duplicado
- Linea #99: Saldo introducido no es un número real positivo
- Linea #99: Número de cuenta duplicado
- Linea #100: Número de cuenta duplicado
- Linea #101: Número de cuenta duplicado
