Resumen de operaciones
Fecha: 2024-06-16 22:20:59
Operaciones realizadas: Retiros: 244 Depositos: 256 Transferencias: 236
Total: 800
Operaciones por hilo:
Hilo #1: 192
Hilo #2: 184
Hilo #3: 180
Hilo #4: 180
Errores:
Linea #409: Monto no es válido
Linea #441: Operación no válida
Linea #441: Operación no válida
Linea #441: Operación no válida
Linea #441: Operación no válida
Linea #409: Monto no es válido
Linea #441: Operación no válida
Linea #441: Operación no válida
Linea #409: Monto no es válido
Linea #409: Monto no es válido
Linea #441: Operación no válida
Linea #441: Operación no válida
Linea #441: Operación no válida
Linea #441: Operación no válida
Linea #409: Monto no es válido
Linea #441: Operación no válida
Linea #441: Operación no válida
Linea #441: Operación no válida
Linea #441: Operación no válida
Linea #409: Monto no es válido
Linea #441: Operación no válida
Linea #441: Operación no válida
Linea #409: Monto no es válido
Linea #441: Operación no válida
Linea #441: Operación no válida
Linea #441: Operación no válida
Linea #441: Operación no válida
Linea #441: Operación no válida
Linea #409: Monto no es válido
Linea #441: Operación no válida
Linea #409: Monto no es válido
Linea #441: Operación no válida
Linea #441: Operación no válida
Linea #409: Monto no es válido
Linea #441: Operación no válida
Linea #441: Operación no válida
Linea #409: Monto no es válido
Linea #441: Operación no válida
Linea #409: Monto no es válido
Linea #441: Operación no válida
Linea #409: Monto no es válido
Linea #441: Operación no válida
Linea #409: Monto no es válido
Linea #441: Operación no válida
Linea #409: Monto no es válido
Linea #409: Monto no es válido
Linea #409: Monto no es válido
Linea #441: Operación no válida
Linea #409: Monto no es válido
Linea #441: Operación no válida
Linea #409: Monto no es válido
Linea #441: Operación no válida
Linea #409: Monto no es válido
Linea #409: Monto no es válido
Linea #409: Monto no es válido
Linea #441: Operación no válida
Linea #409: Monto no es válido
Linea #409: Monto no es válido
Linea #409: Monto no es válido
Linea #441: Operación no válida
Linea #409: Monto no es válido
Linea #409: Monto no es válido
Linea #409: Monto no es válido
Linea #441: Operación no válida
