Resumen de operaciones
Fecha: 2024-06-16 22:37:20
Operaciones realizadas: Retiros: 244 Depositos: 256 Transferencias: 236
Total: 800
Operaciones por hilo:
Hilo #1: 192
Hilo #2: 184
Hilo #3: 180
Hilo #4: 180
Errores:
Linea #464: Monto no es válido
Linea #497: Operación no válida
Linea #497: Operación no válida
Linea #497: Operación no válida
Linea #497: Operación no válida
Linea #464: Monto no es válido
Linea #497: Operación no válida
Linea #497: Operación no válida
Linea #464: Monto no es válido
Linea #497: Operación no válida
Linea #464: Monto no es válido
Linea #497: Operación no válida
Linea #464: Monto no es válido
Linea #464: Monto no es válido
Linea #497: Operación no válida
Linea #497: Operación no válida
Linea #497: Operación no válida
Linea #497: Operación no válida
Linea #464: Monto no es válido
Linea #497: Operación no válida
Linea #497: Operación no válida
Linea #464: Monto no es válido
Linea #497: Operación no válida
Linea #464: Monto no es válido
Linea #497: Operación no válida
Linea #464: Monto no es válido
Linea #464: Monto no es válido
Linea #464: Monto no es válido
Linea #497: Operación no válida
Linea #464: Monto no es válido
Linea #497: Operación no válida
Linea #497: Operación no válida
Linea #464: Monto no es válido
Linea #464: Monto no es válido
Linea #497: Operación no válida
Linea #497: Operación no válida
Linea #497: Operación no válida
Linea #464: Monto no es válido
Linea #497: Operación no válida
Linea #497: Operación no válida
Linea #464: Monto no es válido
Linea #497: Operación no válida
Linea #464: Monto no es válido
Linea #497: Operación no válida
Linea #464: Monto no es válido
Linea #464: Monto no es válido
Linea #464: Monto no es válido
Linea #497: Operación no válida
Linea #464: Monto no es válido
Linea #497: Operación no válida
Linea #497: Operación no válida
Linea #497: Operación no válida
Linea #497: Operación no válida
Linea #464: Monto no es válido
Linea #497: Operación no válida
Linea #497: Operación no válida
Linea #464: Monto no es válido
Linea #497: Operación no válida
Linea #464: Monto no es válido
Linea #497: Operación no válida
Linea #464: Monto no es válido
Linea #464: Monto no es válido
Linea #464: Monto no es válido
Linea #497: Operación no válida
